<?xml version="1.0" encoding="UTF-8"?>
<testng-results ignored="0" total="2" passed="2" failed="0" skipped="0">
  <reporter-output>
  </reporter-output>
  <suite started-at="2021-04-26T19:59:07 CST" name="Default suite" finished-at="2021-04-26T19:59:16 CST" duration-ms="8404">
    <groups>
    </groups>
    <test started-at="2021-04-26T19:59:07 CST" name="Default test" finished-at="2021-04-26T19:59:16 CST" duration-ms="8404">
      <class name="PagesTests.LoginPageTest">
        <test-method is-config="true" signature="initialize()[pri:0, instance:PagesTests.LoginPageTest@6bf0219d]" started-at="2021-04-26T19:59:07 CST" name="initialize" finished-at="2021-04-26T19:59:11 CST" duration-ms="3490" status="PASS">
          <reporter-output>
          </reporter-output>
        </test-method> <!-- initialize -->
        <test-method is-config="true" signature="setData()[pri:0, instance:PagesTests.LoginPageTest@6bf0219d]" started-at="2021-04-26T19:59:11 CST" name="setData" finished-at="2021-04-26T19:59:12 CST" duration-ms="915" status="PASS">
          <reporter-output>
          </reporter-output>
        </test-method> <!-- setData -->
        <test-method signature="loginTest()[pri:0, instance:PagesTests.LoginPageTest@6bf0219d]" started-at="2021-04-26T19:59:12 CST" name="loginTest" finished-at="2021-04-26T19:59:13 CST" duration-ms="1351" status="PASS">
          <reporter-output>
          </reporter-output>
        </test-method> <!-- loginTest -->
        <test-method signature="wrongPasswordTest()[pri:0, instance:PagesTests.LoginPageTest@6bf0219d]" started-at="2021-04-26T19:59:13 CST" name="wrongPasswordTest" finished-at="2021-04-26T19:59:15 CST" duration-ms="1472" status="PASS">
          <reporter-output>
          </reporter-output>
        </test-method> <!-- wrongPasswordTest -->
        <test-method is-config="true" signature="endTest()[pri:0, instance:PagesTests.LoginPageTest@6bf0219d]" started-at="2021-04-26T19:59:15 CST" name="endTest" finished-at="2021-04-26T19:59:16 CST" duration-ms="1140" status="PASS">
          <reporter-output>
          </reporter-output>
        </test-method> <!-- endTest -->
      </class> <!-- PagesTests.LoginPageTest -->
    </test> <!-- Default test -->
  </suite> <!-- Default suite -->
</testng-results>
